No errors on assembly of 'c:\users\carlo\pictures\computer architectures\session2\ca-labcourse2\ca-labcourse2\stm8s105c6.asm'
No errors on assembly of 'c:\users\carlo\pictures\computer architectures\session2\ca-labcourse2\ca-labcourse2\stm8s105c6.asm'
No errors on assembly of 'c:\users\carlo\pictures\computer architectures\session3\mapping.asm'
No errors on assembly of 'c:\users\carlo\pictures\computer architectures\session3\mapping.asm'
No errors on assembly of 'c:\users\carlo\pictures\computer architectures\session2\ca-labcourse2\ca-labcourse2\stm8s105c6.asm'
No errors on assembly of 'c:\users\carlo\pictures\computer architectures\session2\ca-labcourse2\ca-labcourse2\stm8s105c6.asm'
c:\users\carlo\pictures\computer architectures\session3\main.asm(47): as1 : Error 54: Can't match Addressing mode '	ld  loopcounter, #8'
c:\users\carlo\pictures\computer architectures\session3\main.asm(51): as1 : Error 56: unrecognised opcode '  ld(myArray,X), A'
c:\users\carlo\pictures\computer architectures\session3\main.asm(53): as1 : Error 54: Can't match Addressing mode '	inc XL'
3 errors on assembly of 'c:\users\carlo\pictures\computer architectures\session3\main.asm'
c:\users\carlo\pictures\computer architectures\session3\main.asm(47): as1 : Error 54: Can't match Addressing mode '	ld  loopcounter, #8'
c:\users\carlo\pictures\computer architectures\session3\main.asm(51): as1 : Error 56: unrecognised opcode '  ld(myArray,X), A'
c:\users\carlo\pictures\computer architectures\session3\main.asm(53): as1 : Error 54: Can't match Addressing mode '	inc XL'
3 errors on assembly of 'c:\users\carlo\pictures\computer architectures\session3\main.asm'
No errors on assembly of 'c:\users\carlo\pictures\computer architectures\session3\main.asm'
No errors on assembly of 'c:\users\carlo\pictures\computer architectures\session3\main.asm'
No errors on assembly of 'c:\users\carlo\pictures\computer architectures\session3\main.asm'
No errors on assembly of 'c:\users\carlo\pictures\computer architectures\session1\ca-labcourse-1\ca-labcourse-main\stm8s105c6.asm'
No errors on assembly of 'c:\users\carlo\pictures\computer architectures\session3\mapping.asm'
No errors on assembly of 'c:\users\carlo\pictures\computer architectures\session3\mapping.asm'
No errors on assembly of 'c:\users\carlo\pictures\computer architectures\session1\ca-labcourse-1\ca-labcourse-main\stm8s105c6.asm'
No errors on assembly of 'c:\users\carlo\pictures\computer architectures\session1\ca-labcourse-1\ca-labcourse-main\stm8s105c6.asm'
No errors on assembly of 'c:\users\carlo\pictures\computer architectures\session3\excercise3.asm'
c:\users\carlo\pictures\computer architectures\session3\excercise3.asm(51): as2 : Error 46: Illegal undefined label 'myArray,Y), X'
1 error on assembly of 'c:\users\carlo\pictures\computer architectures\session3\excercise3.asm'
No errors on assembly of 'c:\users\carlo\pictures\computer architectures\session3\excercise3.asm'
No errors on assembly of 'c:\users\carlo\pictures\computer architectures\session3\excercise3.asm'
No errors on assembly of 'c:\users\carlo\pictures\computer architectures\session3\excercise3.asm'
No errors on assembly of 'c:\users\carlo\pictures\computer architectures\session3\excercise3.asm'
No errors on assembly of 'c:\users\carlo\pictures\computer architectures\session3\excercise3.asm'
No errors on assembly of 'c:\users\carlo\pictures\computer architectures\session3\excercise3.asm'
