No errors on assembly of 'e:\idrive\ca-labcourse\stm8s105c6.asm'
No errors on assembly of 'e:\idrive\ca-labcourse\example1\mapping.asm'
No errors on assembly of 'e:\idrive\ca-labcourse\example1\mapping.asm'
No errors on assembly of 'e:\idrive\ca-labcourse\stm8s105c6.asm'
No errors on assembly of 'e:\idrive\ca-labcourse\stm8s105c6.asm'
No errors on assembly of 'e:\idrive\ca-labcourse\example1\main-ex1.asm'
No errors on assembly of 'e:\idrive\ca-labcourse\example1\main-ex1.asm'
e:\idrive\ca-labcourse\example1\main-ex1.asm(50): as1 : Error 54: Can't match Addressing mode '	mov mycounter , # 387'
1 error on assembly of 'e:\idrive\ca-labcourse\example1\main-ex1.asm'
e:\idrive\ca-labcourse\example1\main-ex1.asm(50): as1 : Error 54: Can't match Addressing mode '	mov mycounter , # 387'
1 error on assembly of 'e:\idrive\ca-labcourse\example1\main-ex1.asm'
e:\idrive\ca-labcourse\example1\main-ex1.asm(50): as1 : Error 54: Can't match Addressing mode '	mov mycounter , # 387'
1 error on assembly of 'e:\idrive\ca-labcourse\example1\main-ex1.asm'
No errors on assembly of 'e:\idrive\ca-labcourse\example1\main-ex1.asm'
No errors on assembly of 'e:\idrive\ca-labcourse\example1\main-ex1.asm'
No errors on assembly of 'e:\idrive\ca-labcourse\example1\main-ex1.asm'
No errors on assembly of 'e:\idrive\ca-labcourse\example1\main-ex1.asm'
No errors on assembly of 'e:\idrive\ca-labcourse\example1\main-ex1.asm'
No errors on assembly of 'e:\idrive\ca-labcourse\example1\main-ex1.asm'
No errors on assembly of 'e:\idrive\ca-labcourse2\stm8s105c6.asm'
No errors on assembly of 'e:\idrive\ca-labcourse2\example1\mapping.asm'
No errors on assembly of 'e:\idrive\ca-labcourse2\example1\mapping.asm'
No errors on assembly of 'e:\idrive\ca-labcourse2\example1\mapping.asm'
No errors on assembly of 'e:\idrive\ca-labcourse2\stm8s105c6.asm'
No errors on assembly of 'e:\idrive\ca-labcourse2\stm8s105c6.asm'

e:\idrive\ca-labcourse2\example1\main-ex1.asm(53): as1 : Fatal 111: Illegal character at start of label '0	jra infinite_loop'


e:\idrive\ca-labcourse2\example1\main-ex1.asm(53): as1 : Fatal 111: Illegal character at start of label '0	jra infinite_loop'

No errors on assembly of 'e:\idrive\ca-labcourse2\example1\main-ex1.asm'
e:\idrive\ca-labcourse2\example1\main-ex1.asm(60): as2 : Error 46: Illegal undefined label 'TIM2_CR1,#%00000001 ; counter enable ON '
e:\idrive\ca-labcourse2\example1\main-ex1.asm(61): as2 : Error 46: Illegal undefined label 'TIM2_IER,#$00 ; no interrupts are required for PWM '
e:\idrive\ca-labcourse2\example1\main-ex1.asm(62): as2 : Error 46: Illegal undefined label 'TIM2_CCMR1,#%01100000 ; PWM mode 1 + CC1 as output '
e:\idrive\ca-labcourse2\example1\main-ex1.asm(63): as2 : Error 46: Illegal undefined label 'TIM2_CCER1,#%00000000 ; CC1 output disabled'
4 errors on assembly of 'e:\idrive\ca-labcourse2\example1\main-ex1.asm'
No errors on assembly of 'e:\idrive\ca-labcourse2\example1\main-ex1.asm'
No errors on assembly of 'e:\idrive\ca-labcourse2\example1\main-ex1.asm'
No errors on assembly of 'e:\idrive\ca-labcourse2\example1\main-ex1.asm'
No errors on assembly of 'e:\idrive\ca-labcourse2\example1\main-ex1.asm'
No errors on assembly of 'e:\idrive\ca-labcourse2\example1\main-ex1.asm'
